<?xml version="1.0" encoding="UTF-8"?>
<testsuite name="com.step.assignments.cylinder.CylinderTest" tests="2" skipped="0" failures="0" errors="0" timestamp="2019-03-16T10:18:16" hostname="in-Pannapur.local" time="0.005">
  <properties/>
  <testcase name="getHeight()" classname="com.step.assignments.cylinder.CylinderTest" time="0.003"/>
  <testcase name="getVolume()" classname="com.step.assignments.cylinder.CylinderTest" time="0.001"/>
  <system-out><![CDATA[]]></system-out>
  <system-err><![CDATA[]]></system-err>
</testsuite>
