<?xml version="1.0" encoding="UTF-8"?>
<testsuite name="com.step.assignments.ListIterator.ListIteratorTest" tests="3" skipped="0" failures="0" errors="0" timestamp="2019-03-16T10:18:16" hostname="in-Pannapur.local" time="0.008">
  <properties/>
  <testcase name="next()" classname="com.step.assignments.ListIterator.ListIteratorTest" time="0.003"/>
  <testcase name="hasNext1()" classname="com.step.assignments.ListIterator.ListIteratorTest" time="0.002"/>
  <testcase name="hasNext()" classname="com.step.assignments.ListIterator.ListIteratorTest" time="0.001"/>
  <system-out><![CDATA[]]></system-out>
  <system-err><![CDATA[]]></system-err>
</testsuite>
